<?xml version="1.0" encoding="UTF-8"?>
<!-- Generated by org.testng.reporters.JUnitXMLReporter -->
<testsuite ignored="0" hostname="Mohammads-MacBook-Pro.local" failures="0" tests="4" name="PetTests" time="4.921" errors="0" timestamp="2023-09-06T22:09:32 PDT">
  <testcase classname="api.test.UserTests2" name="testPostUser" time="2.06"/>
  <testcase classname="api.test.UserTests2" name="testGetUserByName" time="0.519"/>
  <testcase classname="api.test.UserTests2" name="testUpdateUserByName" time="0.898"/>
  <testcase classname="api.test.UserTests2" name="testDeleteUserByName" time="0.442"/>
</testsuite> <!-- PetTests -->
